#
# There is insufficient memory for the Java Runtime Environment to continue.
# Native memory allocation (mmap) failed to map 132120576 bytes for Failed to commit area from 0x00000000e0000000 to 0x00000000e7e00000 of length 132120576.
# Possible reasons:
#   The system is out of physical RAM or swap space
#   The process is running with CompressedOops enabled, and the Java Heap may be blocking the growth of the native heap
# Possible solutions:
#   Reduce memory load on the system
#   Increase physical memory or swap space
#   Check if swap backing store is full
#   Decrease Java heap size (-Xmx/-Xms)
#   Decrease number of Java threads
#   Decrease Java thread stack sizes (-Xss)
#   Set larger code cache with -XX:ReservedCodeCacheSize=
# This output file may be truncated or incomplete.
#
#  Out of Memory Error (./open/src/hotspot/os/windows/os_windows.cpp:3287), pid=5952, tid=8576
#
# JRE version:  (11.0.15+8) (build )
# Java VM: Java HotSpot(TM) 64-Bit Server VM (11.0.15+8-LTS-149, mixed mode, sharing, tiered, compressed oops, g1 gc, windows-amd64)
# No core dump will be written. Minidumps are not enabled by default on client versions of Windows
#

---------------  S U M M A R Y ------------

Command Line: -Dorg.gradle.internal.worker.tmpdir=C:\gb_0900_jsi\gb_0900_jsi\dodamdodam-project\build\tmp\test\work -Dorg.gradle.native=false -Xmx512m -Dfile.encoding=x-windows-949 -Duser.country=KR -Duser.language=ko -Duser.variant -ea worker.org.gradle.process.internal.worker.GradleWorkerMain 'Gradle Test Executor 7'

Host: Intel(R) Core(TM) i5-8265U CPU @ 1.60GHz, 8 cores, 7G,  Windows 11 , 64 bit Build 22621 (10.0.22621.1635)
Time: Wed May 17 14:02:53 2023 대한민국 표준시 elapsed time: 0.022405 seconds (0d 0h 0m 0s)

---------------  T H R E A D  ---------------

Current thread (0x0000020955860800):  JavaThread "Unknown thread" [_thread_in_vm, id=8576, stack(0x0000006dd6400000,0x0000006dd6500000)]

Stack: [0x0000006dd6400000,0x0000006dd6500000]
Native frames: (J=compiled Java code, j=interpreted, Vv=VM code, C=native code)
V  [jvm.dll+0x629d8a]
V  [jvm.dll+0x7638ff]
V  [jvm.dll+0x764fa9]
V  [jvm.dll+0x765633]
V  [jvm.dll+0x23d9c8]
V  [jvm.dll+0x6270aa]
V  [jvm.dll+0x61be35]
V  [jvm.dll+0x2f27dc]
V  [jvm.dll+0x2f2662]
V  [jvm.dll+0x2f7386]
V  [jvm.dll+0x339d8f]
V  [jvm.dll+0x3397c0]
V  [jvm.dll+0x2cfdf8]
V  [jvm.dll+0x2d0f66]
V  [jvm.dll+0x73df07]
V  [jvm.dll+0x73f79f]
V  [jvm.dll+0x346ab9]
V  [jvm.dll+0x723810]
V  [jvm.dll+0x3b56cf]
V  [jvm.dll+0x3b77e1]
C  [jli.dll+0x5207]
C  [ucrtbase.dll+0x29363]
C  [KERNEL32.DLL+0x126ad]
C  [ntdll.dll+0x5a9f8]


---------------  P R O C E S S  ---------------

Threads class SMR info:
_java_thread_list=0x00000209536569f0, length=0, elements={
}

Java Threads: ( => current thread )

Other Threads:
  0x0000020955878800 GCTaskThread "GC Thread#0" [stack: 0x0000006dd6500000,0x0000006dd6600000] [id=14016]
  0x0000020955889800 ConcurrentGCThread "G1 Main Marker" [stack: 0x0000006dd6600000,0x0000006dd6700000] [id=11680]
  0x000002095588b800 ConcurrentGCThread "G1 Conc#0" [stack: 0x0000006dd6700000,0x0000006dd6800000] [id=19568]

[error occurred during error reporting (printing all threads), id 0xc0000005, EXCEPTION_ACCESS_VIOLATION (0xc0000005) at pc=0x00007fffb873f087]

VM state:not at safepoint (not fully initialized)

VM Mutex/Monitor currently owned by a thread:  ([mutex/lock_event])
[0x000002095585c780] Heap_lock - owner thread: 0x0000020955860800

Heap address: 0x00000000e0000000, size: 512 MB, Compressed Oops mode: Non-zero based: 0x00000000e0000000
Narrow klass base: 0x0000000000000000, Narrow klass shift: 0

GC Heap History (0 events):
No events

Deoptimization events (0 events):
No events

Classes redefined (0 events):
No events

Internal exceptions (0 events):
No events

Events (0 events):
No events


Dynamic libraries:
0x00007ff7a22f0000 - 0x00007ff7a22ff000 	C:\Java\jdk-11.0.15\bin\java.exe
0x00007ffff3010000 - 0x00007ffff3224000 	C:\WINDOWS\SYSTEM32\ntdll.dll
0x00007ffff1e30000 - 0x00007ffff1ef2000 	C:\WINDOWS\System32\KERNEL32.DLL
0x00007ffff0660000 - 0x00007ffff0a03000 	C:\WINDOWS\System32\KERNELBASE.dll
0x00007ffff04d0000 - 0x00007ffff05e1000 	C:\WINDOWS\System32\ucrtbase.dll
0x00007fffec0e0000 - 0x00007fffec0f8000 	C:\Java\jdk-11.0.15\bin\jli.dll
0x00007fffeba80000 - 0x00007fffeba95000 	C:\Java\jdk-11.0.15\bin\VCRUNTIME140.dll
0x00007ffff0f40000 - 0x00007ffff0fee000 	C:\WINDOWS\System32\ADVAPI32.dll
0x00007ffff2b30000 - 0x00007ffff2bd7000 	C:\WINDOWS\System32\msvcrt.dll
0x00007ffff0e10000 - 0x00007ffff0eb4000 	C:\WINDOWS\System32\sechost.dll
0x00007ffff2eb0000 - 0x00007ffff2fc7000 	C:\WINDOWS\System32\RPCRT4.dll
0x00007ffff15e0000 - 0x00007ffff178b000 	C:\WINDOWS\System32\USER32.dll
0x00007ffff0a10000 - 0x00007ffff0a36000 	C:\WINDOWS\System32\win32u.dll
0x00007ffff0ff0000 - 0x00007ffff1019000 	C:\WINDOWS\System32\GDI32.dll
0x00007fffc8fc0000 - 0x00007fffc924e000 	C:\WINDOWS\WinSxS\amd64_microsoft.windows.common-controls_6595b64144ccf1df_6.0.22621.1635_none_270f70857386168e\COMCTL32.dll
0x00007ffff0cf0000 - 0x00007ffff0e08000 	C:\WINDOWS\System32\gdi32full.dll
0x00007ffff0430000 - 0x00007ffff04ca000 	C:\WINDOWS\System32\msvcp_win.dll
0x00007fffea7a0000 - 0x00007fffea7aa000 	C:\WINDOWS\SYSTEM32\VERSION.dll
0x00007ffff1590000 - 0x00007ffff15c1000 	C:\WINDOWS\System32\IMM32.DLL
0x00007fffe6cd0000 - 0x00007fffe6d6b000 	C:\Java\jdk-11.0.15\bin\msvcp140.dll
0x00007fffb8460000 - 0x00007fffb8f76000 	C:\Java\jdk-11.0.15\bin\server\jvm.dll
0x00007ffff1790000 - 0x00007ffff1798000 	C:\WINDOWS\System32\PSAPI.DLL
0x00007fffe0260000 - 0x00007fffe0269000 	C:\WINDOWS\SYSTEM32\WSOCK32.dll
0x00007fffeb270000 - 0x00007fffeb2a4000 	C:\WINDOWS\SYSTEM32\WINMM.dll
0x00007ffff0ec0000 - 0x00007ffff0f31000 	C:\WINDOWS\System32\WS2_32.dll
0x00007fffef480000 - 0x00007fffef498000 	C:\WINDOWS\SYSTEM32\kernel.appcore.dll
0x00007fffebc50000 - 0x00007fffebc60000 	C:\Java\jdk-11.0.15\bin\verify.dll
0x00007fffede70000 - 0x00007fffee09e000 	C:\WINDOWS\SYSTEM32\DBGHELP.DLL
0x00007ffff1200000 - 0x00007ffff1589000 	C:\WINDOWS\System32\combase.dll
0x00007ffff28a0000 - 0x00007ffff2977000 	C:\WINDOWS\System32\OLEAUT32.dll
0x00007fffebaa0000 - 0x00007fffebad2000 	C:\WINDOWS\SYSTEM32\dbgcore.DLL
0x00007ffff0bb0000 - 0x00007ffff0c2b000 	C:\WINDOWS\System32\bcryptPrimitives.dll
0x00007fffeb890000 - 0x00007fffeb8b8000 	C:\Java\jdk-11.0.15\bin\java.dll
0x00007fffeba30000 - 0x00007fffeba3a000 	C:\Java\jdk-11.0.15\bin\jimage.dll
0x00007fffeb850000 - 0x00007fffeb866000 	C:\Java\jdk-11.0.15\bin\zip.dll

dbghelp: loaded successfully - version: 4.0.5 - missing functions: none
symbol engine: initialized successfully - sym options: 0x614 - pdb path: .;C:\Java\jdk-11.0.15\bin;C:\WINDOWS\SYSTEM32;C:\WINDOWS\WinSxS\amd64_microsoft.windows.common-controls_6595b64144ccf1df_6.0.22621.1635_none_270f70857386168e;C:\Java\jdk-11.0.15\bin\server

VM Arguments:
jvm_args: -Dorg.gradle.internal.worker.tmpdir=C:\gb_0900_jsi\gb_0900_jsi\dodamdodam-project\build\tmp\test\work -Dorg.gradle.native=false -Xmx512m -Dfile.encoding=x-windows-949 -Duser.country=KR -Duser.language=ko -Duser.variant -ea 
java_command: worker.org.gradle.process.internal.worker.GradleWorkerMain 'Gradle Test Executor 7'
java_class_path (initial): C:\\Users\\jeong\\.gradle\\caches\\7.6.1\\workerMain\\gradle-worker.jar;C:\\gb_0900_jsi\\gb_0900_jsi\\dodamdodam-project\\build\\classes\\java\\test;C:\\gb_0900_jsi\\gb_0900_jsi\\dodamdodam-project\\build\\classes\\java\\main;C:\\gb_0900_jsi\\gb_0900_jsi\\dodamdodam-project\\build\\resources\\main;C:\\Users\\jeong\\.gradle\\caches\\modules-2\\files-2.1\\org.springframework.boot\\spring-boot-starter-data-jpa\\2.7.5\\b83184467079d5b808fb2f9fbc858b1804975808\\spring-boot-starter-data-jpa-2.7.5.jar;C:\\Users\\jeong\\.gradle\\caches\\modules-2\\files-2.1\\org.springframework.boot\\spring-boot-starter-jdbc\\2.7.5\\b57c3f8fb2fe235a8ff368755092371423bbc5b3\\spring-boot-starter-jdbc-2.7.5.jar;C:\\Users\\jeong\\.gradle\\caches\\modules-2\\files-2.1\\org.springframework.boot\\spring-boot-starter-thymeleaf\\2.7.5\\d2be8d1d822d988924e0a23c81d795ae5aa288f3\\spring-boot-starter-thymeleaf-2.7.5.jar;C:\\Users\\jeong\\.gradle\\caches\\modules-2\\files-2.1\\org.springframework.boot\\spring-boot-starter-web-services\\2.7.5\\8d56d80cec9c715ea77a7ecaa885ee3ccd965bd2\\spring-boot-starter-web-services-2.7.5.jar;C:\\Users\\jeong\\.gradle\\caches\\modules-2\\files-2.1\\org.springframework.boot\\spring-boot-starter-websocket\\2.7.5\\fef1dcd9a493c2453a6b0a17bec0141a855fb93\\spring-boot-starter-websocket-2.7.5.jar;C:\\Users\\jeong\\.gradle\\caches\\modules-2\\files-2.1\\org.springframework.boot\\spring-boot-starter-web\\2.7.5\\bb4099d0466a62c3b11ab9323babca13bb430a2e\\spring-boot-starter-web-2.7.5.jar;C:\\Users\\jeong\\.gradle\\caches\\modules-2\\files-2.1\\com.querydsl\\querydsl-jpa\\5.0.0\\2d66608cb2cbcde56290e49f2918960cc17fcb09\\querydsl-jpa-5.0.0.jar;C:\\Users\\jeong\\.gradle\\caches\\modules-2\\files-2.1\\com.querydsl\\querydsl-apt\\5.0.0\\fa5554c395bdcbe9846242824857a82874ad3223\\querydsl-apt-5.0.0.jar;C:\\Users\\jeong\\.gradle\\caches\\modules-2\\files-2.1\\com.oracle.database.jdbc\\ojdbc8\\21.5.0.0\\eb13f0948ca8675f71d59b5e8a1129d4c6189e7a\\ojdbc8-21.5.0.0.
Launcher Type: SUN_STANDARD

[Global flags]
     intx CICompilerCount                          = 4                                         {product} {ergonomic}
     uint ConcGCThreads                            = 2                                         {product} {ergonomic}
     uint G1ConcRefinementThreads                  = 8                                         {product} {ergonomic}
   size_t G1HeapRegionSize                         = 1048576                                   {product} {ergonomic}
    uintx GCDrainStackTargetSize                   = 64                                        {product} {ergonomic}
   size_t InitialHeapSize                          = 132120576                                 {product} {ergonomic}
   size_t MarkStackSize                            = 4194304                                   {product} {ergonomic}
   size_t MaxHeapSize                              = 536870912                                 {product} {command line}
   size_t MinHeapDeltaBytes                        = 1048576                                   {product} {ergonomic}
    uintx NonNMethodCodeHeapSize                   = 5836300                                {pd product} {ergonomic}
    uintx NonProfiledCodeHeapSize                  = 122910970                              {pd product} {ergonomic}
    uintx ProfiledCodeHeapSize                     = 122910970                              {pd product} {ergonomic}
    uintx ReservedCodeCacheSize                    = 251658240                              {pd product} {ergonomic}
     bool SegmentedCodeCache                       = true                                      {product} {ergonomic}
     bool UseCompressedClassPointers               = true                                 {lp64_product} {ergonomic}
     bool UseCompressedOops                        = true                                 {lp64_product} {ergonomic}
     bool UseG1GC                                  = true                                      {product} {ergonomic}
     bool UseLargePagesIndividualAllocation        = false                                  {pd product} {ergonomic}

Logging:
Log output configuration:
 #0: stdout all=warning uptime,level,tags
 #1: stderr all=off uptime,level,tags

Environment Variables:
JAVA_HOME=C:\Java\jdk-11.0.15
PATH=C:\oraclexe\app\oracle\product\11.2.0\server\bin;C:\Java\jdk-11.0.15bin;C:\Program Files\Common Files\Oracle\Java\javapath;C:\Program Files (x86)\Intel\Intel(R) Management Engine Components\iCLS\;C:\Program Files\Intel\Intel(R) Management Engine Components\iCLS\;C:\WINDOWS\system32;C:\WINDOWS;C:\WINDOWS\System32\Wbem;C:\WINDOWS\System32\WindowsPowerShell\v1.0\;C:\WINDOWS\System32\OpenSSH\;C:\Program Files (x86)\Intel\Intel(R) Management Engine Components\DAL;C:\Program Files\Intel\Intel(R) Management Engine Components\DAL;C:\Git\cmd;C:\Program Files\Bandizip\;C:\PuTTY\;C:\Redis\;C:\Users\jeong\AppData\Local\Microsoft\WindowsApps;
USERNAME=jeong
OS=Windows_NT
PROCESSOR_IDENTIFIER=Intel64 Family 6 Model 142 Stepping 11, GenuineIntel



---------------  S Y S T E M  ---------------

OS: Windows 11 , 64 bit Build 22621 (10.0.22621.1635)

CPU:total 8 (initial active 8) (4 cores per cpu, 2 threads per core) family 6 model 142 stepping 11 microcode 0xde, cmov, cx8, fxsr, mmx, sse, sse2, sse3, ssse3, sse4.1, sse4.2, popcnt, avx, avx2, aes, clmul, erms, 3dnowpref, lzcnt, ht, tsc, tscinvbit, bmi1, bmi2, adx, fma

Memory: 4k page, system-wide physical 7986M (754M free)
TotalPageFile size 32562M (AvailPageFile size 112M)
current process WorkingSet (physical memory assigned to process): 11M, peak: 11M
current process commit charge ("private bytes"): 59M, peak: 185M

vm_info: Java HotSpot(TM) 64-Bit Server VM (11.0.15+8-LTS-149) for windows-amd64 JRE (11.0.15+8-LTS-149), built on Mar  9 2022 22:42:32 by "mach5one" with MS VC++ 15.9 (VS2017)

END.
